0 info it worked if it ends with ok
1 verbose cli [ '/usr/local/bin/node',
1 verbose cli   '/usr/local/bin/npm',
1 verbose cli   'install',
1 verbose cli   'mongodb',
1 verbose cli   'app.js' ]
2 info using npm@2.14.4
3 info using node@v4.1.2
4 verbose install initial load of /Users/CodyMcNutt/projects/winterwishes/package.json
5 warn package.json winterwishes@1.0.0 No description
6 warn package.json winterwishes@1.0.0 No repository field.
7 warn package.json winterwishes@1.0.0 No README data
8 verbose installManyTop reading scoped package data from /Users/CodyMcNutt/projects/winterwishes/node_modules/body-parser/package.json
9 verbose installManyTop reading scoped package data from /Users/CodyMcNutt/projects/winterwishes/node_modules/express/package.json
10 verbose installManyTop reading scoped package data from /Users/CodyMcNutt/projects/winterwishes/node_modules/mongodb/package.json
11 verbose installManyTop reading scoped package data from /Users/CodyMcNutt/projects/winterwishes/node_modules/mongoose/package.json
12 verbose installManyTop reading scoped package data from /Users/CodyMcNutt/projects/winterwishes/node_modules/passport/package.json
13 verbose installManyTop reading scoped package data from /Users/CodyMcNutt/projects/winterwishes/node_modules/passport-facebook/package.json
14 verbose installManyTop reading scoped package data from /Users/CodyMcNutt/projects/winterwishes/node_modules/passport-local/package.json
15 info package.json passport@0.3.2 No README data
16 info package.json passport-facebook@2.0.0 No license field.
17 info package.json passport-local@1.0.0 No license field.
18 verbose readDependencies loading dependencies from /Users/CodyMcNutt/projects/winterwishes/package.json
19 verbose install mongodb is installed as 2.0.48
20 silly cache add args [ 'mongodb', null ]
21 verbose cache add spec mongodb
22 silly cache add args [ 'app.js', null ]
23 verbose cache add spec app.js
24 silly cache add parsed spec Result {
24 silly cache add   raw: 'mongodb',
24 silly cache add   scope: null,
24 silly cache add   name: 'mongodb',
24 silly cache add   rawSpec: '',
24 silly cache add   spec: '*',
24 silly cache add   type: 'range' }
25 silly addNamed mongodb@*
26 verbose addNamed "*" is a valid semver range for mongodb
27 silly addNameRange { name: 'mongodb', range: '*', hasData: false }
28 silly mapToRegistry name mongodb
29 silly mapToRegistry using default registry
30 silly mapToRegistry registry https://registry.npmjs.org/
31 silly mapToRegistry uri https://registry.npmjs.org/mongodb
32 verbose addNameRange registry:https://registry.npmjs.org/mongodb not in flight; fetching
33 silly cache add parsed spec Result {
33 silly cache add   raw: 'app.js',
33 silly cache add   scope: null,
33 silly cache add   name: null,
33 silly cache add   rawSpec: 'app.js',
33 silly cache add   spec: '/Users/CodyMcNutt/projects/winterwishes/app.js',
33 silly cache add   type: 'local' }
34 silly addLocalTarball shasum (computed) da39a3ee5e6b4b0d3255bfef95601890afd80709
35 verbose addTmpTarball /Users/CodyMcNutt/projects/winterwishes/app.js not in flight; adding
36 verbose addTmpTarball validating metadata from /Users/CodyMcNutt/projects/winterwishes/app.js
37 verbose tar unpack /Users/CodyMcNutt/projects/winterwishes/app.js
38 verbose tar unpacking to /var/folders/fg/xv7tjytj7dvb5bf002dp9whm0000gn/T/npm-2162-8b966582/unpack-a7c942a6f3f8
39 silly gentlyRm /var/folders/fg/xv7tjytj7dvb5bf002dp9whm0000gn/T/npm-2162-8b966582/unpack-a7c942a6f3f8 is being purged
40 verbose gentlyRm don't care about contents; nuking /var/folders/fg/xv7tjytj7dvb5bf002dp9whm0000gn/T/npm-2162-8b966582/unpack-a7c942a6f3f8
41 verbose request uri https://registry.npmjs.org/mongodb
42 verbose request no auth needed
43 info attempt registry request try #1 at 10:12:42 AM
44 verbose request id 4297685e2a526d9d
45 verbose etag "6URUXNCDRRKICQBRMQ2D92TP4"
46 http request GET https://registry.npmjs.org/mongodb
47 silly gunzTarPerm modes [ '755', '644' ]
48 error tar.unpack error reading /Users/CodyMcNutt/projects/winterwishes/app.js
49 error addLocal Could not install /Users/CodyMcNutt/projects/winterwishes/app.js
50 http 304 https://registry.npmjs.org/mongodb
51 silly get cb [ 304,
51 silly get   { date: 'Mon, 16 Nov 2015 17:12:46 GMT',
51 silly get     via: '1.1 varnish',
51 silly get     'cache-control': 'max-age=60',
51 silly get     etag: '"6URUXNCDRRKICQBRMQ2D92TP4"',
51 silly get     age: '27',
51 silly get     connection: 'keep-alive',
51 silly get     'x-served-by': 'cache-ord1731-ORD',
51 silly get     'x-cache': 'HIT',
51 silly get     'x-cache-hits': '1',
51 silly get     'x-timer': 'S1447693966.393144,VS0,VE2',
51 silly get     vary: 'Accept' } ]
52 verbose etag https://registry.npmjs.org/mongodb from cache
53 verbose get saving mongodb to /Users/CodyMcNutt/.npm/registry.npmjs.org/mongodb/.cache.json
54 silly addNameRange number 2 { name: 'mongodb', range: '*', hasData: true }
55 silly addNameRange versions [ 'mongodb',
55 silly addNameRange   [ '0.9.4',
55 silly addNameRange     '0.9.4-4',
55 silly addNameRange     '0.9.3',
55 silly addNameRange     '0.9.1',
55 silly addNameRange     '0.9.2',
55 silly addNameRange     '0.9.6-7',
55 silly addNameRange     '0.9.6-8',
55 silly addNameRange     '0.9.6-9',
55 silly addNameRange     '0.9.6-10',
55 silly addNameRange     '0.9.6-11',
55 silly addNameRange     '0.9.6-12',
55 silly addNameRange     '0.9.6-13',
55 silly addNameRange     '0.9.6-14',
55 silly addNameRange     '0.9.6-15',
55 silly addNameRange     '0.9.6-16',
55 silly addNameRange     '0.9.6-17',
55 silly addNameRange     '0.9.6-18',
55 silly addNameRange     '0.9.6-19',
55 silly addNameRange     '0.9.6-20',
55 silly addNameRange     '0.9.6-21',
55 silly addNameRange     '0.9.6-22',
55 silly addNameRange     '0.9.6-23',
55 silly addNameRange     '0.9.7',
55 silly addNameRange     '0.9.7-0',
55 silly addNameRange     '0.9.7-1',
55 silly addNameRange     '0.9.7-1.1',
55 silly addNameRange     '0.9.7-1.2',
55 silly addNameRange     '0.9.7-1.3',
55 silly addNameRange     '0.9.7-1.4',
55 silly addNameRange     '0.9.7-2',
55 silly addNameRange     '0.9.7-2-1',
55 silly addNameRange     '0.9.7-2-2',
55 silly addNameRange     '0.9.7-2-3',
55 silly addNameRange     '0.9.7-2-4',
55 silly addNameRange     '0.9.7-2-5',
55 silly addNameRange     '0.9.7-3',
55 silly addNameRange     '0.9.7-3-1',
55 silly addNameRange     '0.9.7-3-2',
55 silly addNameRange     '0.9.7-3-3',
55 silly addNameRange     '0.9.7-3-4',
55 silly addNameRange     '0.9.7-3-5',
55 silly addNameRange     '0.9.8',
55 silly addNameRange     '0.9.8-1',
55 silly addNameRange     '0.9.8-2',
55 silly addNameRange     '0.9.8-3',
55 silly addNameRange     '0.9.8-4',
55 silly addNameRange     '0.9.8-5',
55 silly addNameRange     '0.9.8-6',
55 silly addNameRange     '0.9.8-7',
55 silly addNameRange     '0.9.9',
55 silly addNameRange     '0.9.9-1',
55 silly addNameRange     '0.9.9-2',
55 silly addNameRange     '0.9.9-3',
55 silly addNameRange     '0.9.9-4',
55 silly addNameRange     '0.9.9-5',
55 silly addNameRange     '0.9.9-6',
55 silly addNameRange     '0.9.9-7',
55 silly addNameRange     '0.9.9-8',
55 silly addNameRange     '1.0.0',
55 silly addNameRange     '1.0.1',
55 silly addNameRange     '1.0.2',
55 silly addNameRange     '1.1.0-beta',
55 silly addNameRange     '1.1.0',
55 silly addNameRange     '1.1.1',
55 silly addNameRange     '1.1.2',
55 silly addNameRange     '1.1.3',
55 silly addNameRange     '1.1.4',
55 silly addNameRange     '1.1.5',
55 silly addNameRange     '1.1.6',
55 silly addNameRange     '1.1.7',
55 silly addNameRange     '1.1.8',
55 silly addNameRange     '1.1.9',
55 silly addNameRange     '1.1.10',
55 silly addNameRange     '1.1.11',
55 silly addNameRange     '1.2.0',
55 silly addNameRange     '1.2.1',
55 silly addNameRange     '1.2.2',
55 silly addNameRange     '1.2.3',
55 silly addNameRange     '1.2.4',
55 silly addNameRange     '1.2.5',
55 silly addNameRange     '1.2.6',
55 silly addNameRange     '1.2.7',
55 silly addNameRange     '1.2.8',
55 silly addNameRange     '1.2.9',
55 silly addNameRange     '1.2.10',
55 silly addNameRange     '1.2.11',
55 silly addNameRange     '1.2.12',
55 silly addNameRange     '1.2.13',
55 silly addNameRange     '1.2.14',
55 silly addNameRange     '1.3.0',
55 silly addNameRange     '1.3.1',
55 silly addNameRange     '1.3.2',
55 silly addNameRange     '1.3.3',
55 silly addNameRange     '1.3.4',
55 silly addNameRange     '1.3.5',
55 silly addNameRange     '1.3.6',
55 silly addNameRange     '1.3.7',
55 silly addNameRange     '1.3.8',
55 silly addNameRange     '1.3.9',
55 silly addNameRange     '1.3.10',
55 silly addNameRange     '1.3.11',
55 silly addNameRange     '1.3.12',
55 silly addNameRange     '1.3.14',
55 silly addNameRange     '1.3.15',
55 silly addNameRange     '1.3.17',
55 silly addNameRange     '1.3.18',
55 silly addNameRange     '1.3.19',
55 silly addNameRange     '1.4.0-rc2',
55 silly addNameRange     '1.3.20',
55 silly addNameRange     '1.4.0-rc3',
55 silly addNameRange     '1.3.21',
55 silly addNameRange     '1.3.22',
55 silly addNameRange     '1.3.23',
55 silly addNameRange     '1.4.0-rc4',
55 silly addNameRange     '1.4.0-rc5',
55 silly addNameRange     '1.4.0-rc6',
55 silly addNameRange     '1.4.0-rc7',
55 silly addNameRange     '1.4.0-rc8',
55 silly addNameRange     '1.4.0-rc9',
55 silly addNameRange     '1.4.0-rc10',
55 silly addNameRange     '1.4.0',
55 silly addNameRange     '1.4.1',
55 silly addNameRange     '1.4.2',
55 silly addNameRange     '1.4.3',
55 silly addNameRange     '1.4.4',
55 silly addNameRange     '1.4.5',
55 silly addNameRange     '1.4.6',
55 silly addNameRange     '1.4.7',
55 silly addNameRange     '1.4.8',
55 silly addNameRange     '1.4.9',
55 silly addNameRange     '1.4.10',
55 silly addNameRange     '2.0.0-alpha1',
55 silly addNameRange     '1.4.11',
55 silly addNameRange     '1.4.12',
55 silly addNameRange     '1.4.14',
55 silly addNameRange     '1.4.15',
55 silly addNameRange     '1.4.16',
55 silly addNameRange     '1.4.17',
55 silly addNameRange     '2.0.0-alpha2',
55 silly addNameRange     '1.4.18',
55 silly addNameRange     '2.0.0',
55 silly addNameRange     '2.0.1',
55 silly addNameRange     '2.0.2',
55 silly addNameRange     '1.4.19',
55 silly addNameRange     '2.0.3',
55 silly addNameRange     '2.0.4',
55 silly addNameRange     '2.0.5',
55 silly addNameRange     '2.0.6',
55 silly addNameRange     '1.4.20',
55 silly addNameRange     '1.4.22',
55 silly addNameRange     '2.0.7',
55 silly addNameRange     '2.0.8',
55 silly addNameRange     '2.0.9',
55 silly addNameRange     '1.4.23',
55 silly addNameRange     '2.0.10',
55 silly addNameRange     '1.4.24',
55 silly addNameRange     '2.0.11',
55 silly addNameRange     '1.4.25',
55 silly addNameRange     '2.0.12',
55 silly addNameRange     '1.4.26',
55 silly addNameRange     '1.4.27',
55 silly addNameRange     '1.4.28',
55 silly addNameRange     '2.0.13',
55 silly addNameRange     '2.0.14',
55 silly addNameRange     '1.4.29',
55 silly addNameRange     '2.0.15',
55 silly addNameRange     '1.4.30',
55 silly addNameRange     '2.0.16',
55 silly addNameRange     '1.4.31',
55 silly addNameRange     '2.0.17',
55 silly addNameRange     '1.4.32',
55 silly addNameRange     '2.0.18',
55 silly addNameRange     '2.0.19',
55 silly addNameRange     '1.4.33',
55 silly addNameRange     '2.0.20',
55 silly addNameRange     '2.0.21',
55 silly addNameRange     '1.4.34',
55 silly addNameRange     '2.0.22',
55 silly addNameRange     '2.0.23',
55 silly addNameRange     '1.4.35',
55 silly addNameRange     '2.0.24',
55 silly addNameRange     '2.0.25',
55 silly addNameRange     '2.0.26',
55 silly addNameRange     '2.0.27',
55 silly addNameRange     '2.0.28',
55 silly addNameRange     '2.0.29',
55 silly addNameRange     '1.4.36',
55 silly addNameRange     '2.0.30',
55 silly addNameRange     '1.4.37',
55 silly addNameRange     '2.0.31',
55 silly addNameRange     '1.4.38',
55 silly addNameRange     '2.0.32',
55 silly addNameRange     '2.0.33',
55 silly addNameRange     '2.1.0-alpha',
55 silly addNameRange     '2.0.34',
55 silly addNameRange     '2.0.35',
55 silly addNameRange     '2.0.36',
55 silly addNameRange     '2.0.37',
55 silly addNameRange     '2.0.38',
55 silly addNameRange     '2.0.39',
55 silly addNameRange     '1.4.39',
55 silly addNameRange     '2.0.40',
55 silly addNameRange     '2.0.41',
55 silly addNameRange     '2.0.42',
55 silly addNameRange     '2.0.43',
55 silly addNameRange     '2.0.44',
55 silly addNameRange     '2.0.45',
55 silly addNameRange     '2.0.46',
55 silly addNameRange     '2.0.47',
55 silly addNameRange     '2.0.48' ] ]
56 silly addNamed mongodb@2.0.48
57 verbose addNamed "2.0.48" is a plain semver version for mongodb
58 silly cache afterAdd mongodb@2.0.48
59 verbose afterAdd /Users/CodyMcNutt/.npm/mongodb/2.0.48/package/package.json not in flight; writing
60 verbose afterAdd /Users/CodyMcNutt/.npm/mongodb/2.0.48/package/package.json written
61 verbose stack Error: 0-byte tarball
61 verbose stack Please run `npm cache clean`
61 verbose stack     at /usr/local/lib/node_modules/npm/lib/utils/tar.js:126:14
61 verbose stack     at FSReqWrap.oncomplete (fs.js:82:15)
62 verbose cwd /Users/CodyMcNutt/projects/winterwishes
63 error Darwin 14.5.0
64 error argv "/usr/local/bin/node" "/usr/local/bin/npm" "install" "mongodb" "app.js"
65 error node v4.1.2
66 error npm  v2.14.4
67 error 0-byte tarball
67 error Please run `npm cache clean`
68 error If you need help, you may report this error at:
68 error     <https://github.com/npm/npm/issues>
69 verbose exit [ 1, true ]
